2019-08-06 18:37:28,077 +0530 [main] INFO  (Version.java:45) - HHH000412: Hibernate Core {5.2.11.Final}
2019-08-06 18:37:28,081 +0530 [main] INFO  (Environment.java:213) - HHH000206: hibernate.properties not found
2019-08-06 18:37:29,611 +0530 [main] INFO  (JavaReflectionManager.java:66) - HCANN000001: Hibernate Commons Annotations {5.0.1.Final}
2019-08-06 18:37:32,375 +0530 [main] WARN  (DriverManagerConnectionProviderImpl.java:70) - HHH10001002: Using Hibernate built-in connection pool (not for production use!)
2019-08-06 18:37:32,659 +0530 [main] INFO  (DriverManagerConnectionProviderImpl.java:126) - HHH10001005: using driver [oracle.jdbc.driver.OracleDriver] at URL [jdbc:oracle:thin:@localhost:1521:xe]
2019-08-06 18:37:32,659 +0530 [main] INFO  (DriverManagerConnectionProviderImpl.java:135) - HHH10001001: Connection properties: {user=demoadmin, password=****}
2019-08-06 18:37:32,660 +0530 [main] INFO  (DriverManagerConnectionProviderImpl.java:140) - HHH10001003: Autocommit mode: false
2019-08-06 18:37:32,709 +0530 [main] INFO  (PooledConnections.java:41) - HHH000115: Hibernate connection pool size: 1 (min=1)
2019-08-06 18:37:33,549 +0530 [main] INFO  (Dialect.java:157) - HHH000400: Using dialect: org.hibernate.dialect.Oracle10gDialect
2019-08-06 18:37:34,388 +0530 [main] INFO  (DriverManagerConnectionProviderImpl.java:230) - HHH10001008: Cleaning up connection pool [jdbc:oracle:thin:@localhost:1521:xe]
2019-08-06 18:38:01,472 +0530 [main] INFO  (Version.java:45) - HHH000412: Hibernate Core {5.2.11.Final}
2019-08-06 18:38:01,475 +0530 [main] INFO  (Environment.java:213) - HHH000206: hibernate.properties not found
2019-08-06 18:38:02,021 +0530 [main] INFO  (JavaReflectionManager.java:66) - HCANN000001: Hibernate Commons Annotations {5.0.1.Final}
2019-08-06 18:38:02,138 +0530 [main] WARN  (DriverManagerConnectionProviderImpl.java:70) - HHH10001002: Using Hibernate built-in connection pool (not for production use!)
2019-08-06 18:38:02,236 +0530 [main] INFO  (DriverManagerConnectionProviderImpl.java:126) - HHH10001005: using driver [oracle.jdbc.driver.OracleDriver] at URL [jdbc:oracle:thin:@localhost:1521:xe]
2019-08-06 18:38:02,237 +0530 [main] INFO  (DriverManagerConnectionProviderImpl.java:135) - HHH10001001: Connection properties: {user=demoadmin, password=****}
2019-08-06 18:38:02,237 +0530 [main] INFO  (DriverManagerConnectionProviderImpl.java:140) - HHH10001003: Autocommit mode: false
2019-08-06 18:38:02,241 +0530 [main] INFO  (PooledConnections.java:41) - HHH000115: Hibernate connection pool size: 20 (min=1)
2019-08-06 18:38:02,663 +0530 [main] INFO  (Dialect.java:157) - HHH000400: Using dialect: org.hibernate.dialect.Oracle10gDialect
2019-08-06 18:38:03,639 +0530 [main] INFO  (DdlTransactionIsolatorNonJtaImpl.java:47) - HHH10001501: Connection obtained from JdbcConnectionAccess [org.hibernate.engine.jdbc.env.internal.JdbcEnvironmentInitiator$ConnectionProviderJdbcConnectionAccess@30bcf3c1] for (non-JTA) DDL execution was not in auto-commit mode; the Connection 'local transaction' will be committed and the Connection will be set into auto-commit mode.
2019-08-06 18:38:03,789 +0530 [main] WARN  (ExceptionHandlerLoggedImpl.java:27) - GenerationTarget encountered exception accepting command : Error executing DDL via JDBC Statement
org.hibernate.tool.schema.spi.CommandAcceptanceException: Error executing DDL via JDBC Statement
	at org.hibernate.tool.schema.internal.exec.GenerationTargetToDatabase.accept(GenerationTargetToDatabase.java:67)
	at org.hibernate.tool.schema.internal.AbstractSchemaMigrator.applySqlString(AbstractSchemaMigrator.java:559)
	at org.hibernate.tool.schema.internal.AbstractSchemaMigrator.applySqlStrings(AbstractSchemaMigrator.java:504)
	at org.hibernate.tool.schema.internal.AbstractSchemaMigrator.createTable(AbstractSchemaMigrator.java:277)
	at org.hibernate.tool.schema.internal.GroupedSchemaMigratorImpl.performTablesMigration(GroupedSchemaMigratorImpl.java:71)
	at org.hibernate.tool.schema.internal.AbstractSchemaMigrator.performMigration(AbstractSchemaMigrator.java:207)
	at org.hibernate.tool.schema.internal.AbstractSchemaMigrator.doMigration(AbstractSchemaMigrator.java:114)
	at org.hibernate.tool.schema.spi.SchemaManagementToolCoordinator.performDatabaseAction(SchemaManagementToolCoordinator.java:183)
	at org.hibernate.tool.schema.spi.SchemaManagementToolCoordinator.process(SchemaManagementToolCoordinator.java:72)
	at org.hibernate.internal.SessionFactoryImpl.<init>(SessionFactoryImpl.java:313)
	at org.hibernate.boot.internal.SessionFactoryBuilderImpl.build(SessionFactoryBuilderImpl.java:452)
	at com.journaldev.hibernate.util.HibernateUtil.buildSessionAnnotationFactory(HibernateUtil.java:61)
	at com.journaldev.hibernate.util.HibernateUtil.getSessionAnnotationFactory(HibernateUtil.java:112)
	at com.journaldev.hibernate.main.HibernateLog4jExample.main(HibernateLog4jExample.java:30)
Caused by: java.sql.SQLSyntaxErrorException: ORA-00955: name is already used by an existing object

	at oracle.jdbc.driver.T4CTTIoer.processError(T4CTTIoer.java:447)
	at oracle.jdbc.driver.T4CTTIoer.processError(T4CTTIoer.java:396)
	at oracle.jdbc.driver.T4C8Oall.processError(T4C8Oall.java:951)
	at oracle.jdbc.driver.T4CTTIfun.receive(T4CTTIfun.java:513)
	at oracle.jdbc.driver.T4CTTIfun.doRPC(T4CTTIfun.java:227)
	at oracle.jdbc.driver.T4C8Oall.doOALL(T4C8Oall.java:531)
	at oracle.jdbc.driver.T4CStatement.doOall8(T4CStatement.java:195)
	at oracle.jdbc.driver.T4CStatement.executeForRows(T4CStatement.java:1036)
	at oracle.jdbc.driver.OracleStatement.doExecuteWithTimeout(OracleStatement.java:1336)
	at oracle.jdbc.driver.OracleStatement.executeInternal(OracleStatement.java:1916)
	at oracle.jdbc.driver.OracleStatement.execute(OracleStatement.java:1878)
	at oracle.jdbc.driver.OracleStatementWrapper.execute(OracleStatementWrapper.java:318)
	at org.hibernate.tool.schema.internal.exec.GenerationTargetToDatabase.accept(GenerationTargetToDatabase.java:54)
	... 13 more
2019-08-06 18:38:03,801 +0530 [main] WARN  (ExceptionHandlerLoggedImpl.java:27) - GenerationTarget encountered exception accepting command : Error executing DDL via JDBC Statement
org.hibernate.tool.schema.spi.CommandAcceptanceException: Error executing DDL via JDBC Statement
	at org.hibernate.tool.schema.internal.exec.GenerationTargetToDatabase.accept(GenerationTargetToDatabase.java:67)
	at org.hibernate.tool.schema.internal.AbstractSchemaMigrator.applySqlString(AbstractSchemaMigrator.java:559)
	at org.hibernate.tool.schema.internal.AbstractSchemaMigrator.applySqlStrings(AbstractSchemaMigrator.java:504)
	at org.hibernate.tool.schema.internal.AbstractSchemaMigrator.createTable(AbstractSchemaMigrator.java:277)
	at org.hibernate.tool.schema.internal.GroupedSchemaMigratorImpl.performTablesMigration(GroupedSchemaMigratorImpl.java:71)
	at org.hibernate.tool.schema.internal.AbstractSchemaMigrator.performMigration(AbstractSchemaMigrator.java:207)
	at org.hibernate.tool.schema.internal.AbstractSchemaMigrator.doMigration(AbstractSchemaMigrator.java:114)
	at org.hibernate.tool.schema.spi.SchemaManagementToolCoordinator.performDatabaseAction(SchemaManagementToolCoordinator.java:183)
	at org.hibernate.tool.schema.spi.SchemaManagementToolCoordinator.process(SchemaManagementToolCoordinator.java:72)
	at org.hibernate.internal.SessionFactoryImpl.<init>(SessionFactoryImpl.java:313)
	at org.hibernate.boot.internal.SessionFactoryBuilderImpl.build(SessionFactoryBuilderImpl.java:452)
	at com.journaldev.hibernate.util.HibernateUtil.buildSessionAnnotationFactory(HibernateUtil.java:61)
	at com.journaldev.hibernate.util.HibernateUtil.getSessionAnnotationFactory(HibernateUtil.java:112)
	at com.journaldev.hibernate.main.HibernateLog4jExample.main(HibernateLog4jExample.java:30)
Caused by: java.sql.SQLSyntaxErrorException: ORA-00955: name is already used by an existing object

	at oracle.jdbc.driver.T4CTTIoer.processError(T4CTTIoer.java:447)
	at oracle.jdbc.driver.T4CTTIoer.processError(T4CTTIoer.java:396)
	at oracle.jdbc.driver.T4C8Oall.processError(T4C8Oall.java:951)
	at oracle.jdbc.driver.T4CTTIfun.receive(T4CTTIfun.java:513)
	at oracle.jdbc.driver.T4CTTIfun.doRPC(T4CTTIfun.java:227)
	at oracle.jdbc.driver.T4C8Oall.doOALL(T4C8Oall.java:531)
	at oracle.jdbc.driver.T4CStatement.doOall8(T4CStatement.java:195)
	at oracle.jdbc.driver.T4CStatement.executeForRows(T4CStatement.java:1036)
	at oracle.jdbc.driver.OracleStatement.doExecuteWithTimeout(OracleStatement.java:1336)
	at oracle.jdbc.driver.OracleStatement.executeInternal(OracleStatement.java:1916)
	at oracle.jdbc.driver.OracleStatement.execute(OracleStatement.java:1878)
	at oracle.jdbc.driver.OracleStatementWrapper.execute(OracleStatementWrapper.java:318)
	at org.hibernate.tool.schema.internal.exec.GenerationTargetToDatabase.accept(GenerationTargetToDatabase.java:54)
	... 13 more
2019-08-06 18:38:03,986 +0530 [main] INFO  (QueryTranslatorFactoryInitiator.java:47) - HHH000397: Using ASTQueryTranslatorFactory
2019-08-06 18:38:04,217 +0530 [main] INFO  (DriverManagerConnectionProviderImpl.java:230) - HHH10001008: Cleaning up connection pool [jdbc:oracle:thin:@localhost:1521:xe]
